"../../../Engine/Content/Functions/Engine_MaterialFunctions02/Utility/BlendAngleCorrectedNormals.uasset" 0
"../../../../../../Documents/Unreal Projects/AdvProgProject2/Content/City/Textures/T_Perlin_Noise_M.uasset" 1
"../../../../../../Documents/Unreal Projects/AdvProgProject2/Content/City/Textures/T_Water_M.uasset" 2
"../../../../../../Documents/Unreal Projects/AdvProgProject2/Content/City/Textures/T_Water_N.uasset" 3
"../../../../../../Documents/Unreal Projects/AdvProgProject2/Content/City/Materials/M_Beach.uasset" 4
"../../../../../../Documents/Unreal Projects/AdvProgProject2/Content/City/Materials/M_Water_Ocean.uasset" 5
"../../../Engine/Content/Functions/Engine_MaterialFunctions02/Math/MultiplyAdd.uasset" 6
"../../../Engine/Content/Functions/Engine_MaterialFunctions02/Utility/MakeFloat2.uasset" 7
"../../../Engine/Content/EngineMaterials/BlendFunc_DefBase.uasset" 8
"../../../Engine/Content/EngineMaterials/BlendFunc_DefBlend.uasset" 9
"../../../Engine/Content/Functions/Engine_MaterialFunctions03/Blends/Blend_Overlay.uasset" 10
"../../../Engine/Content/EngineMaterials/DefaultDiffuse.uasset" 11
"../../../Engine/Content/EngineMaterials/DefaultNormal.uasset" 12
"../../../Engine/Content/EngineMaterials/DefaultWhiteGrid.uasset" 13
"../../../../../../Documents/Unreal Projects/AdvProgProject2/Content/City/Materials/Standard_MasterMaterial1.uasset" 14
"../../../../../../Documents/Unreal Projects/AdvProgProject2/Content/City/Sounds/Ouch1.uasset" 15
"../../../../../../Documents/Unreal Projects/AdvProgProject2/Content/City/Sounds/Ouch2.uasset" 16
"../../../../../../Documents/Unreal Projects/AdvProgProject2/Content/City/Sounds/Roar1.uasset" 17
"../../../../../../Documents/Unreal Projects/AdvProgProject2/Content/City/Sounds/Roar2.uasset" 18
"../../../../../../Documents/Unreal Projects/AdvProgProject2/Content/City/Sounds/Roar3.uasset" 19
"../../../../../../Documents/Unreal Projects/AdvProgProject2/Content/City/Sounds/Roar4.uasset" 20
"../../../../../../Documents/Unreal Projects/AdvProgProject2/Content/FirstPerson/Character/Mesh/SK_Mannequin_Arms_Skeleton.uasset" 21
"../../../../../../Documents/Unreal Projects/AdvProgProject2/Content/FirstPerson/Animations/FirstPerson_Fire.uasset" 22
"../../../../../../Documents/Unreal Projects/AdvProgProject2/Content/FirstPerson/Animations/FirstPersonFire_Montage.uasset" 23
"../../../../../../Documents/Unreal Projects/AdvProgProject2/Content/FirstPerson/Animations/FirstPerson_Idle.uasset" 24
"../../../../../../Documents/Unreal Projects/AdvProgProject2/Content/FirstPerson/Animations/FirstPerson_JumpEnd.uasset" 25
"../../../../../../Documents/Unreal Projects/AdvProgProject2/Content/FirstPerson/Animations/FirstPerson_JumpLoop.uasset" 26
"../../../../../../Documents/Unreal Projects/AdvProgProject2/Content/FirstPerson/Animations/FirstPerson_JumpStart.uasset" 27
"../../../../../../Documents/Unreal Projects/AdvProgProject2/Content/FirstPerson/Animations/FirstPerson_Run.uasset" 28
"../../../Engine/Content/EditorBlueprintResources/StandardMacros.uasset" 29
"../../../../../../Documents/Unreal Projects/AdvProgProject2/Content/FirstPerson/Animations/FirstPerson_AnimBP.uasset" 30
"../../../Engine/Content/Functions/MaterialLayerFunctions/MatLayerBlend_NormalBlend.uasset" 31
"../../../Engine/Content/Functions/MaterialLayerFunctions/MatLayerBlend_Simple.uasset" 32
"../../../../../../Documents/Unreal Projects/AdvProgProject2/Content/FirstPerson/Character/Materials/MaterialLayers/T_ML_Rubber_Blue_01_D.uasset" 33
"../../../../../../Documents/Unreal Projects/AdvProgProject2/Content/FirstPerson/Character/Materials/MaterialLayers/T_ML_Rubber_Blue_01_N.uasset" 34
"../../../../../../Documents/Unreal Projects/AdvProgProject2/Content/FirstPerson/Character/Materials/MaterialLayers/ML_GlossyBlack_Latex_UE4.uasset" 35
"../../../../../../Documents/Unreal Projects/AdvProgProject2/Content/FirstPerson/Character/Materials/MaterialLayers/ML_Plastic_Shiny_Beige.uasset" 36
"../../../../../../Documents/Unreal Projects/AdvProgProject2/Content/FirstPerson/Character/Textures/UE4_LOGO_CARD.uasset" 37
"../../../../../../Documents/Unreal Projects/AdvProgProject2/Content/FirstPerson/Character/Materials/MaterialLayers/ML_Plastic_Shiny_Beige_LOGO.uasset" 38
"../../../../../../Documents/Unreal Projects/AdvProgProject2/Content/FirstPerson/Character/Materials/MaterialLayers/T_ML_Aluminum01.uasset" 39
"../../../../../../Documents/Unreal Projects/AdvProgProject2/Content/FirstPerson/Character/Materials/MaterialLayers/T_ML_Aluminum01_N.uasset" 40
"../../../../../../Documents/Unreal Projects/AdvProgProject2/Content/FirstPerson/Character/Materials/MaterialLayers/ML_SoftMetal_UE4.uasset" 41
"../../../../../../Documents/Unreal Projects/AdvProgProject2/Content/FirstPerson/Character/Textures/UE4_Mannequin__normals.uasset" 42
"../../../../../../Documents/Unreal Projects/AdvProgProject2/Content/FirstPerson/Character/Textures/UE4_Mannequin_MAT_MASKA.uasset" 43
"../../../../../../Documents/Unreal Projects/AdvProgProject2/Content/FirstPerson/Character/Materials/M_UE4Man_Body.uasset" 44
"../../../../../../Documents/Unreal Projects/AdvProgProject2/Content/FirstPerson/Character/Mesh/SK_Mannequin_Arms_PhysicsAsset.uasset" 45
"../../../../../../Documents/Unreal Projects/AdvProgProject2/Content/FirstPerson/Character/Mesh/SK_Mannequin_Arms.uasset" 46
"../../../../../../Documents/Unreal Projects/AdvProgProject2/Content/FirstPerson/FPWeapon/Materials/MaterialLayers/ML_Plastic_Shiny_Beige_LOGO.uasset" 47
"../../../../../../Documents/Unreal Projects/AdvProgProject2/Content/FirstPerson/FPWeapon/Materials/MaterialLayers/T_ML_FineRubber.uasset" 48
"../../../../../../Documents/Unreal Projects/AdvProgProject2/Content/FirstPerson/FPWeapon/Materials/MaterialLayers/T_ML_Rubber_Blue_01_D.uasset" 49
"../../../../../../Documents/Unreal Projects/AdvProgProject2/Content/FirstPerson/FPWeapon/Materials/MaterialLayers/T_ML_Rubber_Blue_01_N.uasset" 50
"../../../../../../Documents/Unreal Projects/AdvProgProject2/Content/FirstPerson/FPWeapon/Materials/MaterialLayers/ML_GlossyBlack_Latex_UE4.uasset" 51
"../../../../../../Documents/Unreal Projects/AdvProgProject2/Content/FirstPerson/FPWeapon/Materials/MaterialLayers/ML_Plastic_Shiny_Beige.uasset" 52
"../../../../../../Documents/Unreal Projects/AdvProgProject2/Content/FirstPerson/FPWeapon/Materials/MaterialLayers/ML_Screen.uasset" 53
"../../../../../../Documents/Unreal Projects/AdvProgProject2/Content/FirstPerson/FPWeapon/Materials/MaterialLayers/T_ML_Aluminum01.uasset" 54
"../../../../../../Documents/Unreal Projects/AdvProgProject2/Content/FirstPerson/FPWeapon/Materials/MaterialLayers/T_ML_Aluminum01_N.uasset" 55
"../../../../../../Documents/Unreal Projects/AdvProgProject2/Content/FirstPerson/FPWeapon/Materials/MaterialLayers/ML_SoftMetal_UE4.uasset" 56
"../../../../../../Documents/Unreal Projects/AdvProgProject2/Content/FirstPerson/FPWeapon/Textures/T_FPGun_M.uasset" 57
"../../../../../../Documents/Unreal Projects/AdvProgProject2/Content/FirstPerson/FPWeapon/Textures/T_FPGun_N.uasset" 58
"../../../../../../Documents/Unreal Projects/AdvProgProject2/Content/FirstPerson/FPWeapon/Materials/M_FPGun.uasset" 59
"../../../../../../Documents/Unreal Projects/AdvProgProject2/Content/FirstPerson/FPWeapon/Mesh/SK_FPGun_Skeleton.uasset" 60
"../../../../../../Documents/Unreal Projects/AdvProgProject2/Content/FirstPerson/FPWeapon/Mesh/SK_FPGun.uasset" 61
"../../../../../../Documents/Unreal Projects/AdvProgProject2/Content/FirstPerson/FPWeapon/Mesh/SK_FPGun_PhysicsAsset.uasset" 62
"../../../../../../Documents/Unreal Projects/AdvProgProject2/Content/FirstPerson/Meshes/BaseMaterial.uasset" 63
"../../../../../../Documents/Unreal Projects/AdvProgProject2/Content/FirstPerson/Meshes/CubeMaterialOverride.uasset" 64
"../../../../../../Documents/Unreal Projects/AdvProgProject2/Content/FirstPerson/Meshes/FirstPersonProjectileMaterial.uasset" 65
"../../../../../../Documents/Unreal Projects/AdvProgProject2/Content/FirstPerson/Meshes/FirstPersonProjectileMesh.uasset" 66
"../../../../../../Documents/Unreal Projects/AdvProgProject2/Content/Geometry/Meshes/CubeMaterial.uasset" 67
"../../../../../../Documents/Unreal Projects/AdvProgProject2/Content/Geometry/Meshes/1M_Cube.uasset" 68
"../../../../../../Documents/Unreal Projects/AdvProgProject2/Content/Geometry/Meshes/1M_Cube_Chamfer.uasset" 69
"../../../../../../Documents/Unreal Projects/AdvProgProject2/Content/Geometry/Meshes/TemplateFloor.uasset" 70
"../../../Engine/Content/Animation/DefaultAnimCurveCompressionSettings.uasset" 71
"../../../Engine/Content/Functions/Engine_MaterialFunctions01/Opacity/CameraDepthFade.uasset" 72
"../../../Engine/Content/EngineMaterials/T_Default_Material_Grid_M.uasset" 73
"../../../Engine/Content/EngineMaterials/T_Default_Material_Grid_N.uasset" 74
"../../../Engine/Content/EngineMaterials/WorldGridMaterial.uasset" 75
"../../../Engine/Content/ArtTools/RenderToTexture/Meshes/S_1_Unit_Plane.uasset" 76
"../../../Engine/Content/EngineMaterials/DefaultMaterial.uasset" 77
"../../../Engine/Content/BasicShapes/Cone.uasset" 78
"../../../Engine/Content/BasicShapes/Cube.uasset" 79
"../../../Engine/Content/BasicShapes/Cylinder.uasset" 80
"../../../Engine/Content/BasicShapes/Plane.uasset" 81
"../../../Engine/Content/BasicShapes/Sphere.uasset" 82
"../../../Engine/Content/EditorLandscapeResources/DataLayer.uasset" 83
"../../../Engine/Content/EditorMaterials/MAT_Groups_Toggle.uasset" 84
"../../../Engine/Content/EditorMaterials/MAT_Groups_Visibility.uasset" 85
"../../../Engine/Content/EditorMaterials/PreviewShadowIndicator.uasset" 86
"../../../Engine/Content/EditorMaterials/PreviewShadowIndicatorMaterial.uasset" 87
"../../../Engine/Content/EditorMaterials/MatineeGroups/MAT_ColorTrack.uasset" 88
"../../../Engine/Content/EditorMaterials/MatineeGroups/MAT_Groups_Anim.uasset" 89
"../../../Engine/Content/EditorMaterials/MatineeGroups/MAT_Groups_AudioMaster.uasset" 90
"../../../Engine/Content/EditorMaterials/MatineeGroups/MAT_Groups_Director.uasset" 91
"../../../Engine/Content/EditorMaterials/MatineeGroups/MAT_Groups_Event.uasset" 92
"../../../Engine/Content/EditorMaterials/MatineeGroups/MAT_Groups_Fade.uasset" 93
"../../../Engine/Content/EditorMaterials/MatineeGroups/MAT_Groups_Float.uasset" 94
"../../../Engine/Content/EditorMaterials/MatineeGroups/MAT_Groups_Move.uasset" 95
"../../../Engine/Content/EditorMaterials/MatineeGroups/MAT_Groups_Slomo.uasset" 96
"../../../Engine/Content/EditorMaterials/MatineeGroups/MAT_Groups_Sound.uasset" 97
"../../../Engine/Content/EditorMaterials/MatineeGroups/MAT_Groups_Vector.uasset" 98
"../../../Engine/Content/EditorMaterials/ParticleSystems/PSysThumbnail_NoImage.uasset" 99
"../../../Engine/Content/EditorMaterials/ParticleSystems/PSysThumbnail_OOD.uasset" 100
"../../../Engine/Content/EditorMaterials/Camera/CineMat.uasset" 101
"../../../Engine/Content/EditorMaterials/Camera/MI_CineMat_Rig.uasset" 102
"../../../Engine/Content/EditorMeshes/Camera/SM_CraneRig_Arm.uasset" 103
"../../../Engine/Content/EditorMeshes/Camera/SM_CraneRig_Base.uasset" 104
"../../../Engine/Content/EditorMeshes/Camera/SM_CraneRig_Body.uasset" 105
"../../../Engine/Content/EditorMeshes/Camera/SM_CraneRig_Mount.uasset" 106
"../../../Engine/Content/EditorMeshes/Camera/SM_RailRig_Mount.uasset" 107
"../../../Engine/Content/EditorMeshes/Camera/SM_RailRig_Track.uasset" 108
"../../../Engine/Content/EditorResources/BSPVertex.uasset" 109
"../../../Engine/Content/EditorResources/EmptyActor.uasset" 110
"../../../Engine/Content/EditorResources/S_Actor.uasset" 111
"../../../Engine/Content/EditorResources/S_Note.uasset" 112
"../../../Engine/Content/EditorResources/S_Solver.uasset" 113
"../../../Engine/Content/EditorResources/S_Trigger.uasset" 114
"../../../Engine/Content/EditorResources/AudioIcons/S_AudioComponent.uasset" 115
"../../../Engine/Content/EditorResources/LightIcons/S_LightError.uasset" 116
"../../../Engine/Content/EditorResources/SequenceRecorder/Countdown.uasset" 117
"../../../Engine/Content/EditorResources/SequenceRecorder/RecordingIndicator.uasset" 118
"../../../Engine/Content/EditorSounds/Notifications/CompileFailed.uasset" 119
"../../../Engine/Content/EditorSounds/Notifications/CompileFailed_Cue.uasset" 120
"../../../Engine/Content/EditorSounds/Notifications/CompileSuccess.uasset" 121
"../../../Engine/Content/EditorSounds/Notifications/CompileStart_Cue.uasset" 122
"../../../Engine/Content/EditorSounds/Notifications/CompileSuccess_Cue.uasset" 123
"../../../Engine/Content/EngineDamageTypes/DmgTypeBP_Environmental.uasset" 124
"../../../Engine/Content/EngineDebugMaterials/DebugEditorMaterial.uasset" 125
"../../../Engine/Content/EngineDebugMaterials/DebugMeshMaterial.uasset" 126
"../../../Engine/Content/EngineDebugMaterials/M_SimpleUnlitTranslucent.uasset" 127
"../../../Engine/Content/Functions/Engine_MaterialFunctions02/Utility/CameraDirectionVector.uasset" 128
"../../../Engine/Content/EngineDebugMaterials/VolumeToRender.uasset" 129
"../../../Engine/Content/EngineDebugMaterials/M_VolumeRenderSphereTracePP.uasset" 130
"../../../Engine/Content/EngineDebugMaterials/WireframeMaterial.uasset" 131
"../../../Engine/Content/EngineFonts/Faces/DroidSansFallback.uasset" 132
"../../../Engine/Content/EngineFonts/Faces/RobotoBold.uasset" 133
"../../../Engine/Content/EngineFonts/Faces/RobotoBoldItalic.uasset" 134
"../../../Engine/Content/EngineFonts/Faces/RobotoItalic.uasset" 135
"../../../Engine/Content/EngineFonts/Faces/RobotoLight.uasset" 136
"../../../Engine/Content/EngineFonts/Faces/RobotoRegular.uasset" 137
"../../../Engine/Content/EngineFonts/Roboto.uasset" 138
"../../../Engine/Content/EngineMaterials/BaseFlattenDiffuseMap.uasset" 139
"../../../Engine/Content/EngineMaterials/BaseFlattenEmissiveMap.uasset" 140
"../../../Engine/Content/EngineMaterials/BaseFlattenGrayscaleMap.uasset" 141
"../../../Engine/Content/EngineMaterials/BaseFlattenNormalMap.uasset" 142
"../../../Engine/Content/EngineMaterials/BaseFlattenMaterial.uasset" 143
"../../../Engine/Content/EngineMaterials/BlueNoise.uasset" 144
"../../../Engine/Content/EngineMaterials/DefaultBloomKernel.uasset" 145
"../../../Engine/Content/EngineMaterials/DefaultBokeh.uasset" 146
"../../../Engine/Content/EngineMaterials/DefaultDeferredDecalMaterial.uasset" 147
"../../../Engine/Content/EngineMaterials/DefaultLightFunctionMaterial.uasset" 148
"../../../Engine/Content/Functions/Engine_MaterialFunctions02/Utility/BreakOutFloat2Components.uasset" 149
"../../../Engine/Content/EngineMaterials/DefaultPostProcessMaterial.uasset" 150
"../../../Engine/Content/EngineFonts/RobotoDistanceField.uasset" 151
"../../../Engine/Content/EngineMaterials/DefaultTextMaterialOpaque.uasset" 152
"../../../Engine/Content/EngineMaterials/DefaultWhiteGrid_Low.uasset" 153
"../../../Engine/Content/EngineMaterials/EmissiveMeshMaterial.uasset" 154
"../../../Engine/Content/EngineMaterials/GizmoMaterial.uasset" 155
"../../../Engine/Content/EngineMaterials/Good64x64TilingNoiseHighFreq.uasset" 156
"../../../Engine/Content/EngineMaterials/MiniFont.uasset" 157
"../../../Engine/Content/EngineMaterials/InvalidLightmapSettings.uasset" 158
"../../../Engine/Content/EngineMaterials/M_InvalidLightmapSettings.uasset" 159
"../../../Engine/Content/Functions/Engine_MaterialFunctions02/WorldPositionOffset/CameraOffset.uasset" 160
"../../../Engine/Content/EngineMaterials/PhAT_JointLimitMaterial.uasset" 161
"../../../Engine/Content/EngineMaterials/PreintegratedSkinBRDF.uasset" 162
"../../../Engine/Content/EngineMaterials/RemoveSurfaceMaterial.uasset" 163
"../../../Engine/Content/EngineMaterials/WeightMapPlaceholderTexture.uasset" 164
"../../../Engine/Content/EngineResources/WhiteSquareTexture.uasset" 165
"../../../Engine/Content/EngineMaterials/Widget3DPassThrough.uasset" 166
"../../../Engine/Content/EngineMaterials/Widget3DPassThrough_Masked.uasset" 167
"../../../Engine/Content/EngineMaterials/Widget3DPassThrough_Opaque.uasset" 168
"../../../Engine/Content/EngineMaterials/Widget3DPassThrough_Masked_OneSided.uasset" 169
"../../../Engine/Content/EngineMaterials/Widget3DPassThrough_Opaque_OneSided.uasset" 170
"../../../Engine/Content/EngineMaterials/Widget3DPassThrough_Translucent.uasset" 171
"../../../Engine/Content/EngineMaterials/Widget3DPassThrough_Translucent_OneSided.uasset" 172
"../../../Engine/Content/EngineMeshes/Cylinder.uasset" 173
"../../../Engine/Content/EngineMeshes/Sphere.uasset" 174
"../../../Engine/Content/EngineResources/Black.uasset" 175
"../../../Engine/Content/EngineResources/DefaultTextureCube.uasset" 176
"../../../Engine/Content/EngineResources/DefaultVolumeTexture2D.uasset" 177
"../../../Engine/Content/EngineResources/DefaultVolumeTexture.uasset" 178
"../../../Engine/Content/EngineResources/GradientTexture0.uasset" 179
"../../../Engine/Content/EngineSounds/Master.uasset" 180
"../../../Engine/Content/Functions/Engine_MaterialFunctions01/Shading/ConvertFromDiffSpec.uasset" 181
"../../../Engine/Content/Functions/Engine_MaterialFunctions01/Shading/PowerToRoughness.uasset" 182
"../../../Engine/Content/Maps/Templates/Thumbnails/Default.uasset" 183
"../../../Engine/Content/Maps/Templates/Thumbnails/TimeOfDay.uasset" 184
"../../../Engine/Content/Maps/Templates/Thumbnails/VR-Basic.uasset" 185
"../../../Engine/Content/MobileResources/T_MobileControls_texture.uasset" 186
"../../../Engine/Content/MobileResources/T_MobileMenu2.uasset" 187
"../../../Engine/Content/MobileResources/HUD/AnalogHat.uasset" 188
"../../../Engine/Content/MobileResources/HUD/VirtualJoystick_Background.uasset" 189
"../../../Engine/Content/MobileResources/HUD/VirtualJoystick_Thumb.uasset" 190
"../../../Engine/Content/MobileResources/HUD/DefaultVirtualJoysticks.uasset" 191
"../../../Engine/Content/MobileResources/HUD/LeftVirtualJoystickOnly.uasset" 192
"../../../Engine/Content/MobileResources/HUD/MobileHUDButton1_off.uasset" 193
"../../../Engine/Content/MobileResources/HUD/MobileHUDButton1_on.uasset" 194
"../../../Engine/Content/MobileResources/HUD/MobileHUDButton2_off.uasset" 195
"../../../Engine/Content/MobileResources/HUD/MobileHUDButton2_on.uasset" 196
"../../../Engine/Content/MobileResources/HUD/MobileHUDButton3.uasset" 197
"../../../Engine/Content/MobileResources/HUD/MobileHUDButtonFire.uasset" 198
"../../../Engine/Content/MobileResources/HUD/MobileHUDDirectionPad.uasset" 199
"../../../Engine/Content/MobileResources/HUD/MobileHUDDirectionPad2.uasset" 200
"../../../Engine/Content/MobileResources/HUD/MobileHUDDirectionPad3.uasset" 201
"../../../Engine/Content/MobileResources/HUD/MobileHUDDirectionStick.uasset" 202
"../../../Engine/Content/MobileResources/HUD/T_Castle_ThumbstickInner.uasset" 203
"../../../Engine/Content/MobileResources/HUD/T_Castle_ThumbstickOutter.uasset" 204
"../../../Engine/Content/Tutorial/ContentIntroCurve.uasset" 205
"../../../Engine/Content/Tutorial/Basics/ContentBrowserOverview.uasset" 206
"../../../Engine/Content/Tutorial/Basics/FeaturePacks.uasset" 207
"../../../Engine/Content/Tutorial/Basics/LevelEditorAttract.uasset" 208
"../../../Engine/Content/Tutorial/Basics/TutorialAssets/icon_tab_Levels_40x.uasset" 209
"../../../Engine/Content/Tutorial/Basics/LevelEditorOverview.uasset" 210
"../../../Engine/Content/Tutorial/Basics/TutorialAssets/CameraActor_64x.uasset" 211
"../../../Engine/Content/Tutorial/Basics/ViewportsTutorial.uasset" 212
"../../../Engine/Content/Tutorial/BlueprintTutorials/TutorialAssets/Blueprint_64x.uasset" 213
"../../../Engine/Content/Tutorial/BlueprintTutorials/BlueprintEditorTutorial.uasset" 214
"../../../Engine/Content/Tutorial/BlueprintTutorials/TutorialAssets/BlueprintInterface_64x.uasset" 215
"../../../Engine/Content/Tutorial/BlueprintTutorials/BlueprintInterfacesEditorOverview.uasset" 216
"../../../Engine/Content/Tutorial/BlueprintTutorials/TutorialAssets/BlueprintMacroLibrary_64x.uasset" 217
"../../../Engine/Content/Tutorial/BlueprintTutorials/BlueprintMacroLibrariesEditorOverview.uasset" 218
"../../../Engine/Content/Tutorial/BlueprintTutorials/ClassBlueprintsEditorOverview.uasset" 219
"../../../Engine/Content/Tutorial/BlueprintTutorials/LevelBlueprintEditorOverview.uasset" 220
"../../../Engine/Content/EditorBlueprintResources/ActorMacros.uasset" 221
"../../../Engine/Content/Tutorial/BlueprintTutorials/TutorialAssets/Tutorial_BP_Class.uasset" 222
"../../../Engine/Content/Tutorial/BlueprintTutorials/TutorialAssets/Tutorial_BP_Interface.uasset" 223
"../../../Engine/Content/Tutorial/BlueprintTutorials/TutorialAssets/Tutorial_BP_MacroLib.uasset" 224
"../../../Engine/Content/Tutorial/Code/AddingCode.uasset" 225
"../../../Engine/Content/Tutorial/InWorldBlueprintEditing/IWBE_Tutorial.uasset" 226
"../../../Engine/Content/Tutorial/InWorldBlueprintEditing/IWBE_Tutorial_Part2.uasset" 227
"../../../Engine/Content/Tutorial/InWorldBlueprintEditing/IWBE_Tutorial_Part3.uasset" 228
"../../../Engine/Content/Tutorial/Landscape/TutorialAssets/Landscape.uasset" 229
"../../../Engine/Content/Tutorial/Landscape/LandscapeWalkThrough.uasset" 230
"../../../Engine/Content/Tutorial/Landscape/Landscape_Manage_Mode.uasset" 231
"../../../Engine/Content/Tutorial/Landscape/Landscape_Painting_Mode.uasset" 232
"../../../Engine/Content/Tutorial/Landscape/Landscape_Sculpt_Mode.uasset" 233
"../../../Engine/Content/Tutorial/SubEditors/MaterialEditorTutorial.uasset" 234
"../../../Engine/Content/Tutorial/SubEditors/ParticleSystemEditorTutorial.uasset" 235
"../../../Engine/Content/Tutorial/SubEditors/TutorialAssets/TutorialMaterial.uasset" 236
"../../../Engine/Content/Tutorial/SubEditors/TutorialAssets/T_SmokeSubUV_8X8.uasset" 237
"../../../Engine/Content/Tutorial/SubEditors/TutorialAssets/T_soft_smoke.uasset" 238
"../../../Engine/Content/Tutorial/SubEditors/TutorialAssets/M_smoke_subUV_blackbody.uasset" 239
"../../../Engine/Content/Tutorial/SubEditors/TutorialAssets/TutorialParticleSystem.uasset" 240
"../../../Engine/Content/VREditor/LaserPointer/VR_LaserPower_01.uasset" 241
"../../../Engine/Content/VREditor/TransformGizmo/TransformGizmoMaterial.uasset" 242
"../../../Engine/Content/VREditor/TransformGizmo/TranslucentTransformGizmoMaterial.uasset" 243
"../../../Engine/Content/VREditor/TransformGizmo/BoundingBoxCorner.uasset" 244
"../../../Engine/Content/VREditor/TransformGizmo/BoundingBoxEdge.uasset" 245
"../../../Engine/Content/VREditor/TransformGizmo/PlaneTranslationHandle.uasset" 246
"../../../Engine/Content/VREditor/TransformGizmo/Main.uasset" 247
"../../../Engine/Content/VREditor/TransformGizmo/Xray.uasset" 248
"../../../Engine/Content/VREditor/TransformGizmo/SM_Sequencer_Key.uasset" 249
"../../../Engine/Content/VREditor/TransformGizmo/SM_Sequencer_Node.uasset" 250
"../../Plugins/2D/Paper2D/Content/PlaceholderTextures/DummySpriteTexture.uasset" 251
"../../Plugins/2D/Paper2D/Content/DummySprite.uasset" 252
"../../Plugins/2D/Paper2D/Content/DefaultPaperTerrainMaterial.uasset" 253
"../../Plugins/2D/Paper2D/Content/DefaultSpriteMaterial.uasset" 254
"../../Plugins/2D/Paper2D/Content/MaskedUnlitSpriteMaterial.uasset" 255
"../../Plugins/2D/Paper2D/Content/OpaqueUnlitSpriteMaterial.uasset" 256
"../../Plugins/FX/Niagara/Content/Enums/ENiagaraBooleanLogicOps.uasset" 257
"../../Plugins/FX/Niagara/Content/Enums/ENiagaraCoordinateSpace.uasset" 258
"../../Plugins/FX/Niagara/Content/Enums/ENiagaraExpansionMode.uasset" 259
"../../Plugins/FX/Niagara/Content/Enums/ENiagaraOrientationAxis.uasset" 260
"../../Plugins/FX/Niagara/Content/Enums/ENiagaraRandomnessMode.uasset" 261
"../../../Engine/Content/Functions/Engine_MaterialFunctions02/Utility/BreakOutFloat4Components.uasset" 262
"../../../Engine/Content/Functions/Engine_MaterialFunctions02/Utility/MakeFloat3.uasset" 263
"../../Plugins/Runtime/Oculus/OculusVR/Content/Materials/OculusMR_ChromaKey.uasset" 264
"../../Plugins/Runtime/Oculus/OculusVR/Content/Materials/OculusMR_ChromaKey_Lit.uasset" 265
"../../Plugins/Runtime/Oculus/OculusVR/Content/Materials/OculusMR_OpaqueColoredMaterial.uasset" 266
"../../Plugins/Runtime/Oculus/OculusVR/Content/Materials/OculusMR_WhiteMaterial.uasset" 267
"../../../Engine/Content/EngineSky/C_Sky_Cloud_Color.uasset" 268
"../../../Engine/Content/EngineSky/C_Sky_Horizon_Color.uasset" 269
"../../../Engine/Content/EngineSky/C_Sky_Zenith_Color.uasset" 270
"../../../Engine/Content/EngineSky/T_Sky_Blue.uasset" 271
"../../../Engine/Content/EngineSky/T_Sky_Clouds_M.uasset" 272
"../../../Engine/Content/EngineSky/T_Sky_Stars.uasset" 273
"../../../Engine/Content/EngineSky/M_Sky_Panning_Clouds2.uasset" 274
"../../../Engine/Content/EngineSky/SM_SkySphere.uasset" 275
"../../../Engine/Content/EngineSky/BP_Sky_Sphere.uasset" 276
"../../../../../../Documents/Unreal Projects/AdvProgProject2/Content/City/HUD/Images/Died.uasset" 277
"../../../../../../Documents/Unreal Projects/AdvProgProject2/Content/City/HUD/Images/Replay.uasset" 278
"../../../../../../Documents/Unreal Projects/AdvProgProject2/Content/City/HUD/Death.uasset" 279
"../../../../../../Documents/Unreal Projects/AdvProgProject2/Content/City/Maps/DeathScreen.umap" 280
"../../../../../../Documents/Unreal Projects/AdvProgProject2/Content/City/Maps/Game_BuiltData.uasset" 281
"../../../../../../Documents/Unreal Projects/AdvProgProject2/Content/City/Textures/T_Ground_Grass_D.uasset" 282
"../../../../../../Documents/Unreal Projects/AdvProgProject2/Content/City/Textures/T_Ground_Grass_N.uasset" 283
"../../../../../../Documents/Unreal Projects/AdvProgProject2/Content/City/Textures/T_MacroVariation.uasset" 284
"../../../../../../Documents/Unreal Projects/AdvProgProject2/Content/City/Materials/M_Ground_Grass.uasset" 285
"../../../Engine/Content/EngineResources/DefaultTexture.uasset" 286
"../../../Engine/Content/Functions/Engine_MaterialFunctions03/Texturing/WorldCoordinate3Way.uasset" 287
"../../../../../../Documents/Unreal Projects/AdvProgProject2/Content/City/Textures/T_PolygonApocalypse_Dirt_01.uasset" 288
"../../../../../../Documents/Unreal Projects/AdvProgProject2/Content/City/Textures/T_PolygonApocalypse_Road_01.uasset" 289
"../../../../../../Documents/Unreal Projects/AdvProgProject2/Content/City/Textures/T_PolygonApocalypse_Road_Normal.uasset" 290
"../../../../../../Documents/Unreal Projects/AdvProgProject2/Content/City/Materials/Mat_PolygonApocalypse_Road_Mat_01.uasset" 291
"../../../Engine/Content/EngineMaterials/DefaultPhysicalMaterial.uasset" 292
"../../../../../../Documents/Unreal Projects/AdvProgProject2/Content/City/HUD/Images/Chopper.uasset" 293
"../../../../../../Documents/Unreal Projects/AdvProgProject2/Content/City/HUD/Images/Health.uasset" 294
"../../../../../../Documents/Unreal Projects/AdvProgProject2/Content/FirstPerson/Textures/FirstPersonCrosshair.uasset" 295
"../../../../../../Documents/Unreal Projects/AdvProgProject2/Content/City/HUD/HUD.uasset" 296
"../../../../../../Documents/Unreal Projects/AdvProgProject2/Content/City/Textures/T_Military_Green.uasset" 297
"../../../../../../Documents/Unreal Projects/AdvProgProject2/Content/City/Materials/M_Military_Green.uasset" 298
"../../../../../../Documents/Unreal Projects/AdvProgProject2/Content/City/Meshes/City/SK_Veh_Small_Heli_01_PhysicsAsset.uasset" 299
"../../../../../../Documents/Unreal Projects/AdvProgProject2/Content/City/Meshes/City/SK_Veh_Small_Heli_01_Skeleton.uasset" 300
"../../../../../../Documents/Unreal Projects/AdvProgProject2/Content/City/Meshes/City/SK_Veh_Small_Heli_01.uasset" 301
"../../../../../../Documents/Unreal Projects/AdvProgProject2/Content/City/Textures/T_SimpleTown_Texture.uasset" 302
"../../../../../../Documents/Unreal Projects/AdvProgProject2/Content/City/Materials/M_SimpleTown_Material.uasset" 303
"../../../../../../Documents/Unreal Projects/AdvProgProject2/Content/City/Meshes/City/SM_Building_Apartment_Large.uasset" 304
"../../../../../../Documents/Unreal Projects/AdvProgProject2/Content/City/Textures/T_PolygonApocalypse_01_A.uasset" 305
"../../../../../../Documents/Unreal Projects/AdvProgProject2/Content/City/Materials/Mat_PolygonApocalypse_01_A.uasset" 306
"../../../../../../Documents/Unreal Projects/AdvProgProject2/Content/City/Materials/Mat_PolygonApocalypse_Glass_01.uasset" 307
"../../../../../../Documents/Unreal Projects/AdvProgProject2/Content/City/Meshes/City/SM_Prop_Car_Wrecked_01.uasset" 308
"../../../../../../Documents/Unreal Projects/AdvProgProject2/Content/City/Materials/Mat_PolygonApocalypse_Master.uasset" 309
"../../../../../../Documents/Unreal Projects/AdvProgProject2/Content/City/Textures/T_PolygonApocalypse_02_A.uasset" 310
"../../../../../../Documents/Unreal Projects/AdvProgProject2/Content/City/Materials/Mat_PolygonApocalypse_02_A_Inst.uasset" 311
"../../../../../../Documents/Unreal Projects/AdvProgProject2/Content/City/Meshes/City/SM_Prop_Car_Wrecked_OpenBoot_01.uasset" 312
"../../../../../../Documents/Unreal Projects/AdvProgProject2/Content/City/Textures/T_PolygonApocalypse_03_B.uasset" 313
"../../../../../../Documents/Unreal Projects/AdvProgProject2/Content/City/Materials/Mat_PolygonApocalypse_03_B_Inst.uasset" 314
"../../../../../../Documents/Unreal Projects/AdvProgProject2/Content/City/Meshes/City/SM_Prop_Car_Wrecked_SUV_01.uasset" 315
"../../../Engine/Content/Animation/DefaultAnimBoneCompressionSettings.uasset" 316
"../../../../../../Documents/Unreal Projects/AdvProgProject2/Content/City/Meshes/Enemy/SK_Chr_Business_Male_01_Skeleton.uasset" 317
"../../../../../../Documents/Unreal Projects/AdvProgProject2/Content/City/Animations/Death1.uasset" 318
"../../../../../../Documents/Unreal Projects/AdvProgProject2/Content/City/Animations/Emote_Roar1.uasset" 319
"../../../../../../Documents/Unreal Projects/AdvProgProject2/Content/City/Animations/Idle1.uasset" 320
"../../../../../../Documents/Unreal Projects/AdvProgProject2/Content/City/Animations/Jog_Fwd1.uasset" 321
"../../../../../../Documents/Unreal Projects/AdvProgProject2/Content/City/Animations/RMB1.uasset" 322
"../../../../../../Documents/Unreal Projects/AdvProgProject2/Content/City/Animations/ABP_Enemy.uasset" 323
"../../../../../../Documents/Unreal Projects/AdvProgProject2/Content/City/Textures/T_PolygonApocalypse_Blood.uasset" 324
"../../../../../../Documents/Unreal Projects/AdvProgProject2/Content/City/Materials/MAT_PolygonApocalypse_Chr_01_A.uasset" 325
"../../../../../../Documents/Unreal Projects/AdvProgProject2/Content/City/Meshes/Enemy/SK_Chr_Business_Male_01_PhysicsAsset.uasset" 326
"../../../../../../Documents/Unreal Projects/AdvProgProject2/Content/City/Meshes/Enemy/SK_Chr_Zombie_Male_02.uasset" 327
"../../../../../../Documents/Unreal Projects/AdvProgProject2/Content/City/Textures/PolygonAdventure_Tex_01.uasset" 328
"../../../../../../Documents/Unreal Projects/AdvProgProject2/Content/City/Materials/MAT_PolygonAdventure_01.uasset" 329
"../../../../../../Documents/Unreal Projects/AdvProgProject2/Content/City/Meshes/Forest/SM_Env_Tree_01.uasset" 330
"../../../../../../Documents/Unreal Projects/AdvProgProject2/Content/City/Meshes/Forest/SM_Env_Tree_010.uasset" 331
"../../../../../../Documents/Unreal Projects/AdvProgProject2/Content/City/Meshes/Forest/SM_Env_Tree_013.uasset" 332
"../../../../../../Documents/Unreal Projects/AdvProgProject2/Content/City/Meshes/Forest/SM_Env_Tree_02.uasset" 333
"../../../../../../Documents/Unreal Projects/AdvProgProject2/Content/City/Meshes/Forest/SM_Env_Tree_03.uasset" 334
"../../../../../../Documents/Unreal Projects/AdvProgProject2/Content/City/Meshes/Forest/SM_Env_Tree_07.uasset" 335
"../../../../../../Documents/Unreal Projects/AdvProgProject2/Content/City/Meshes/Forest/SM_Env_Tree_08.uasset" 336
"../../../../../../Documents/Unreal Projects/AdvProgProject2/Content/City/Meshes/Forest/SM_Env_Tree_09.uasset" 337
"../../../../../../Documents/Unreal Projects/AdvProgProject2/Content/City/Materials/M_Red.uasset" 338
"../../../../../../Documents/Unreal Projects/AdvProgProject2/Content/City/Meshes/Player/SM_Arrow.uasset" 339
"../../../../../../Documents/Unreal Projects/AdvProgProject2/Content/City/Textures/T_Military_Main.uasset" 340
"../../../../../../Documents/Unreal Projects/AdvProgProject2/Content/City/Materials/M_Military_Main.uasset" 341
"../../../../../../Documents/Unreal Projects/AdvProgProject2/Content/City/Meshes/Player/SM_Wep_M5_01.uasset" 342
"../../../../../../Documents/Unreal Projects/AdvProgProject2/Content/City/Textures/sand.uasset" 343
"../../../../../../Documents/Unreal Projects/AdvProgProject2/Content/City/Materials/M_Beach_Tiled.uasset" 344
"../../../../../../Documents/Unreal Projects/AdvProgProject2/Content/City/Materials/M_Beach_Tiled_Inst.uasset" 345
"../../../../../../Documents/Unreal Projects/AdvProgProject2/Content/City/Meshes/Sea/BeachTile.uasset" 346
"../../../../../../Documents/Unreal Projects/AdvProgProject2/Content/City/Materials/M_Water_Ocean1.uasset" 347
"../../../../../../Documents/Unreal Projects/AdvProgProject2/Content/City/Materials/M_Water_Ocean1_Inst.uasset" 348
"../../../../../../Documents/Unreal Projects/AdvProgProject2/Content/City/Meshes/Sea/SeaTile.uasset" 349
"../../../../../../Documents/Unreal Projects/AdvProgProject2/Content/City/Meshes/Shape_Cube.uasset" 350
"../../../../../../Documents/Unreal Projects/AdvProgProject2/Content/City/Meshes/Shape_Plane.uasset" 351
"../../../../../../Documents/Unreal Projects/AdvProgProject2/Content/City/Materials/M_Blood.uasset" 352
"../../../../../../Documents/Unreal Projects/AdvProgProject2/Content/City/ParticleSystems/BloodSpray.uasset" 353
"../../../../../../Documents/Unreal Projects/AdvProgProject2/Content/City/Materials/M_Gunshot.uasset" 354
"../../../../../../Documents/Unreal Projects/AdvProgProject2/Content/City/ParticleSystems/Gunshot.uasset" 355
"../../../../../../Documents/Unreal Projects/AdvProgProject2/Content/City/Sounds/FirstPersonTemplateWeaponFire02.uasset" 356
"../../../../../../Documents/Unreal Projects/AdvProgProject2/Content/City/Sounds/SC_Ouch.uasset" 357
"../../../../../../Documents/Unreal Projects/AdvProgProject2/Content/City/Sounds/SC_Roar.uasset" 358
"../../../../../../Documents/Unreal Projects/AdvProgProject2/Content/City/Maps/Game.umap" 359
"../../../../../../Documents/Unreal Projects/AdvProgProject2/Content/City/HUD/Images/Loading.uasset" 360
"../../../../../../Documents/Unreal Projects/AdvProgProject2/Content/City/HUD/Loading.uasset" 361
"../../../../../../Documents/Unreal Projects/AdvProgProject2/Content/City/Maps/Loading.umap" 362
"../../../../../../Documents/Unreal Projects/AdvProgProject2/Content/City/Maps/MainMenu_BuiltData.uasset" 363
"../../../../../../Documents/Unreal Projects/AdvProgProject2/Content/City/HUD/Images/Play.uasset" 364
"../../../../../../Documents/Unreal Projects/AdvProgProject2/Content/City/HUD/Images/Play_Selected.uasset" 365
"../../../../../../Documents/Unreal Projects/AdvProgProject2/Content/City/HUD/Images/Quit.uasset" 366
"../../../../../../Documents/Unreal Projects/AdvProgProject2/Content/City/HUD/Images/Quit_Selected.uasset" 367
"../../../../../../Documents/Unreal Projects/AdvProgProject2/Content/City/HUD/Images/Title.uasset" 368
"../../../../../../Documents/Unreal Projects/AdvProgProject2/Content/City/HUD/MainMenu.uasset" 369
"../../../../../../Documents/Unreal Projects/AdvProgProject2/Content/City/Maps/MainMenu.umap" 370
"../../../../../../Documents/Unreal Projects/AdvProgProject2/Content/City/HUD/Images/Win.uasset" 371
"../../../../../../Documents/Unreal Projects/AdvProgProject2/Content/City/HUD/Win.uasset" 372
"../../../../../../Documents/Unreal Projects/AdvProgProject2/Content/City/Maps/WinScreen.umap" 373
"../../../Engine/Content/Maps/Entry_BuiltData.uasset" 374
"../../../Engine/Content/Maps/Entry.umap" 375
